13-Mar-2025 21:16:17.902 SEVERE [http-nio-8080-exec-5] org.apache.catalina.core.StandardWrapperValve.invoke Servlet.service() for servlet [jsp] in context with path [/ServletDemo] threw exception [/regsuccess.jsp (line: [2], column: [11]) equal symbol expected] with root cause
	org.apache.jasper.JasperException: /regsuccess.jsp (line: [2], column: [11]) equal symbol expected
		at org.apache.jasper.compiler.DefaultErrorHandler.jspError(DefaultErrorHandler.java:31)
		at org.apache.jasper.compiler.ErrorDispatcher.dispatch(ErrorDispatcher.java:268)
		at org.apache.jasper.compiler.ErrorDispatcher.jspError(ErrorDispatcher.java:91)
		at org.apache.jasper.compiler.Parser.parseAttribute(Parser.java:223)
		at org.apache.jasper.compiler.Parser.parseAttributes(Parser.java:162)
		at org.apache.jasper.compiler.Parser.parseAttributes(Parser.java:188)
		at org.apache.jasper.compiler.ParserController.getPageEncodingForJspSyntax(ParserController.java:434)
		at org.apache.jasper.compiler.ParserController.determineSyntaxAndEncoding(ParserController.java:380)
		at org.apache.jasper.compiler.ParserController.doParse(ParserController.java:208)
		at org.apache.jasper.compiler.ParserController.parseDirectives(ParserController.java:126)
		at org.apache.jasper.compiler.Compiler.generateJava(Compiler.java:188)
		at org.apache.jasper.compiler.Compiler.compile(Compiler.java:365)
		at org.apache.jasper.compiler.Compiler.compile(Compiler.java:343)
		at org.apache.jasper.compiler.Compiler.compile(Compiler.java:329)
		at org.apache.jasper.JspCompilationContext.compile(JspCompilationContext.java:603)
		at org.apache.jasper.servlet.JspServletWrapper.service(JspServletWrapper.java:399)
		at org.apache.jasper.servlet.JspServlet.serviceJspFile(JspServlet.java:376)
		at org.apache.jasper.servlet.JspServlet.service(JspServlet.java:324)
		at javax.servlet.http.HttpServlet.service(HttpServlet.java:623)
		at org.apache.catalina.core.ApplicationFilterChain.internalDoFilter(ApplicationFilterChain.java:199)
		at org.apache.catalina.core.ApplicationFilterChain.doFilter(ApplicationFilterChain.java:144)
		at org.apache.tomcat.websocket.server.WsFilter.doFilter(WsFilter.java:51)
		at org.apache.catalina.core.ApplicationFilterChain.internalDoFilter(ApplicationFilterChain.java:168)
		at org.apache.catalina.core.ApplicationFilterChain.doFilter(ApplicationFilterChain.java:144)
		at org.apache.catalina.core.StandardWrapperValve.invoke(StandardWrapperValve.java:168)
		at org.apache.catalina.core.StandardContextValve.invoke(StandardContextValve.java:90)
		at org.apache.catalina.authenticator.AuthenticatorBase.invoke(AuthenticatorBase.java:482)
		at org.apache.catalina.core.StandardHostValve.invoke(StandardHostValve.java:130)
		at org.apache.catalina.valves.ErrorReportValve.invoke(ErrorReportValve.java:93)
		at org.apache.catalina.valves.AbstractAccessLogValve.invoke(AbstractAccessLogValve.java:660)
		at org.apache.catalina.core.StandardEngineValve.invoke(StandardEngineValve.java:74)
		at org.apache.catalina.connector.CoyoteAdapter.service(CoyoteAdapter.java:346)
		at org.apache.coyote.http11.Http11Processor.service(Http11Processor.java:396)
		at org.apache.coyote.AbstractProcessorLight.process(AbstractProcessorLight.java:63)
		at org.apache.coyote.AbstractProtocol$ConnectionHandler.process(AbstractProtocol.java:937)
		at org.apache.tomcat.util.net.NioEndpoint$SocketProcessor.doRun(NioEndpoint.java:1793)
		at org.apache.tomcat.util.net.SocketProcessorBase.run(SocketProcessorBase.java:52)
		at org.apache.tomcat.util.threads.ThreadPoolExecutor.runWorker(ThreadPoolExecutor.java:1190)
		at org.apache.tomcat.util.threads.ThreadPoolExecutor$Worker.run(ThreadPoolExecutor.java:659)
		at org.apache.tomcat.util.threads.TaskThread$WrappingRunnable.run(TaskThread.java:63)
		at java.base/java.lang.Thread.run(Thread.java:1575)
13-Mar-2025 21:18:26.739 SEVERE [http-nio-8080-exec-6] org.apache.catalina.core.StandardWrapperValve.invoke Servlet.service() for servlet [jsp] in context with path [/ServletDemo] threw exception [An exception occurred processing [/regsuccess.jsp] at line [44]

41: 
42:                                 String sql = "SELECT f_name, l_name, email, phone_no FROM user WHERE user_id = ?";
43:                                 pstmt = conn.prepareStatement(sql);
44:                                 pstmt.setInt(1, Integer.parseInt(user_id));
45:                                 rs = pstmt.executeQuery();
46: 
47:                                 if (rs.next()) {


Stacktrace:] with root cause
	java.lang.NumberFormatException: Cannot parse null string
		at java.base/java.lang.Integer.parseInt(Integer.java:550)
		at java.base/java.lang.Integer.parseInt(Integer.java:685)
		at org.apache.jsp.regsuccess_jsp._jspService(regsuccess_jsp.java:162)
		at org.apache.jasper.runtime.HttpJspBase.service(HttpJspBase.java:67)
		at javax.servlet.http.HttpServlet.service(HttpServlet.java:623)
		at org.apache.jasper.servlet.JspServletWrapper.service(JspServletWrapper.java:466)
		at org.apache.jasper.servlet.JspServlet.serviceJspFile(JspServlet.java:376)
		at org.apache.jasper.servlet.JspServlet.service(JspServlet.java:324)
		at javax.servlet.http.HttpServlet.service(HttpServlet.java:623)
		at org.apache.catalina.core.ApplicationFilterChain.internalDoFilter(ApplicationFilterChain.java:199)
		at org.apache.catalina.core.ApplicationFilterChain.doFilter(ApplicationFilterChain.java:144)
		at org.apache.tomcat.websocket.server.WsFilter.doFilter(WsFilter.java:51)
		at org.apache.catalina.core.ApplicationFilterChain.internalDoFilter(ApplicationFilterChain.java:168)
		at org.apache.catalina.core.ApplicationFilterChain.doFilter(ApplicationFilterChain.java:144)
		at org.apache.catalina.core.StandardWrapperValve.invoke(StandardWrapperValve.java:168)
		at org.apache.catalina.core.StandardContextValve.invoke(StandardContextValve.java:90)
		at org.apache.catalina.authenticator.AuthenticatorBase.invoke(AuthenticatorBase.java:482)
		at org.apache.catalina.core.StandardHostValve.invoke(StandardHostValve.java:130)
		at org.apache.catalina.valves.ErrorReportValve.invoke(ErrorReportValve.java:93)
		at org.apache.catalina.valves.AbstractAccessLogValve.invoke(AbstractAccessLogValve.java:660)
		at org.apache.catalina.core.StandardEngineValve.invoke(StandardEngineValve.java:74)
		at org.apache.catalina.connector.CoyoteAdapter.service(CoyoteAdapter.java:346)
		at org.apache.coyote.http11.Http11Processor.service(Http11Processor.java:396)
		at org.apache.coyote.AbstractProcessorLight.process(AbstractProcessorLight.java:63)
		at org.apache.coyote.AbstractProtocol$ConnectionHandler.process(AbstractProtocol.java:937)
		at org.apache.tomcat.util.net.NioEndpoint$SocketProcessor.doRun(NioEndpoint.java:1793)
		at org.apache.tomcat.util.net.SocketProcessorBase.run(SocketProcessorBase.java:52)
		at org.apache.tomcat.util.threads.ThreadPoolExecutor.runWorker(ThreadPoolExecutor.java:1190)
		at org.apache.tomcat.util.threads.ThreadPoolExecutor$Worker.run(ThreadPoolExecutor.java:659)
		at org.apache.tomcat.util.threads.TaskThread$WrappingRunnable.run(TaskThread.java:63)
		at java.base/java.lang.Thread.run(Thread.java:1575)
13-Mar-2025 21:20:15.273 SEVERE [http-nio-8080-exec-8] org.apache.catalina.core.StandardWrapperValve.invoke Servlet.service() for servlet [jsp] in context with path [/ServletDemo] threw exception [/regsuccess.jsp (line: [2], column: [11]) equal symbol expected] with root cause
	org.apache.jasper.JasperException: /regsuccess.jsp (line: [2], column: [11]) equal symbol expected
		at org.apache.jasper.compiler.DefaultErrorHandler.jspError(DefaultErrorHandler.java:31)
		at org.apache.jasper.compiler.ErrorDispatcher.dispatch(ErrorDispatcher.java:268)
		at org.apache.jasper.compiler.ErrorDispatcher.jspError(ErrorDispatcher.java:91)
		at org.apache.jasper.compiler.Parser.parseAttribute(Parser.java:223)
		at org.apache.jasper.compiler.Parser.parseAttributes(Parser.java:162)
		at org.apache.jasper.compiler.Parser.parseAttributes(Parser.java:188)
		at org.apache.jasper.compiler.ParserController.getPageEncodingForJspSyntax(ParserController.java:434)
		at org.apache.jasper.compiler.ParserController.determineSyntaxAndEncoding(ParserController.java:380)
		at org.apache.jasper.compiler.ParserController.doParse(ParserController.java:208)
		at org.apache.jasper.compiler.ParserController.parseDirectives(ParserController.java:126)
		at org.apache.jasper.compiler.Compiler.generateJava(Compiler.java:188)
		at org.apache.jasper.compiler.Compiler.compile(Compiler.java:365)
		at org.apache.jasper.compiler.Compiler.compile(Compiler.java:343)
		at org.apache.jasper.compiler.Compiler.compile(Compiler.java:329)
		at org.apache.jasper.JspCompilationContext.compile(JspCompilationContext.java:603)
		at org.apache.jasper.servlet.JspServletWrapper.service(JspServletWrapper.java:399)
		at org.apache.jasper.servlet.JspServlet.serviceJspFile(JspServlet.java:376)
		at org.apache.jasper.servlet.JspServlet.service(JspServlet.java:324)
		at javax.servlet.http.HttpServlet.service(HttpServlet.java:623)
		at org.apache.catalina.core.ApplicationFilterChain.internalDoFilter(ApplicationFilterChain.java:199)
		at org.apache.catalina.core.ApplicationFilterChain.doFilter(ApplicationFilterChain.java:144)
		at org.apache.tomcat.websocket.server.WsFilter.doFilter(WsFilter.java:51)
		at org.apache.catalina.core.ApplicationFilterChain.internalDoFilter(ApplicationFilterChain.java:168)
		at org.apache.catalina.core.ApplicationFilterChain.doFilter(ApplicationFilterChain.java:144)
		at org.apache.catalina.core.StandardWrapperValve.invoke(StandardWrapperValve.java:168)
		at org.apache.catalina.core.StandardContextValve.invoke(StandardContextValve.java:90)
		at org.apache.catalina.authenticator.AuthenticatorBase.invoke(AuthenticatorBase.java:482)
		at org.apache.catalina.core.StandardHostValve.invoke(StandardHostValve.java:130)
		at org.apache.catalina.valves.ErrorReportValve.invoke(ErrorReportValve.java:93)
		at org.apache.catalina.valves.AbstractAccessLogValve.invoke(AbstractAccessLogValve.java:660)
		at org.apache.catalina.core.StandardEngineValve.invoke(StandardEngineValve.java:74)
		at org.apache.catalina.connector.CoyoteAdapter.service(CoyoteAdapter.java:346)
		at org.apache.coyote.http11.Http11Processor.service(Http11Processor.java:396)
		at org.apache.coyote.AbstractProcessorLight.process(AbstractProcessorLight.java:63)
		at org.apache.coyote.AbstractProtocol$ConnectionHandler.process(AbstractProtocol.java:937)
		at org.apache.tomcat.util.net.NioEndpoint$SocketProcessor.doRun(NioEndpoint.java:1793)
		at org.apache.tomcat.util.net.SocketProcessorBase.run(SocketProcessorBase.java:52)
		at org.apache.tomcat.util.threads.ThreadPoolExecutor.runWorker(ThreadPoolExecutor.java:1190)
		at org.apache.tomcat.util.threads.ThreadPoolExecutor$Worker.run(ThreadPoolExecutor.java:659)
		at org.apache.tomcat.util.threads.TaskThread$WrappingRunnable.run(TaskThread.java:63)
		at java.base/java.lang.Thread.run(Thread.java:1575)
13-Mar-2025 21:24:07.066 SEVERE [http-nio-8080-exec-8] org.apache.catalina.core.StandardWrapperValve.invoke Servlet.service() for servlet [jsp] in context with path [/ServletDemo] threw exception [Unable to compile class for JSP: 

An error occurred at line: [26] in the jsp file: [/regsuccess.jsp]
Connection cannot be resolved to a type
23:                     <%
24:                             String userId = request.getParameter("user_id");
25:                             if (userId != null && !userId.trim().isEmpty()) {
26:                                 Connection conn = null;
27:                                 PreparedStatement pstmt = null;
28:                                 ResultSet rs = null;
29:                                 try {


An error occurred at line: [27] in the jsp file: [/regsuccess.jsp]
PreparedStatement cannot be resolved to a type
24:                             String userId = request.getParameter("user_id");
25:                             if (userId != null && !userId.trim().isEmpty()) {
26:                                 Connection conn = null;
27:                                 PreparedStatement pstmt = null;
28:                                 ResultSet rs = null;
29:                                 try {
30:                                     // Database connection details


An error occurred at line: [28] in the jsp file: [/regsuccess.jsp]
ResultSet cannot be resolved to a type
25:                             if (userId != null && !userId.trim().isEmpty()) {
26:                                 Connection conn = null;
27:                                 PreparedStatement pstmt = null;
28:                                 ResultSet rs = null;
29:                                 try {
30:                                     // Database connection details
31:                                     Class.forName("com.mysql.cj.jdbc.Driver");


An error occurred at line: [35] in the jsp file: [/regsuccess.jsp]
DriverManager cannot be resolved
32:                                     String url = "jdbc:mysql://localhost:3306/xyz_solutions";
33:                                     String dbUsername = "root";
34:                                     String dbPassword = "";
35:                                     conn = DriverManager.getConnection(url, dbUsername, dbPassword);
36: 
37:                                     // SQL query to fetch user details
38:                                     String sql = "SELECT f_name, l_name, email, phone_no FROM user WHERE user_id = ?";


An error occurred at line: [64] in the jsp file: [/regsuccess.jsp]
SQLException cannot be resolved to a type
61:                                     }
62:                                 } catch (NumberFormatException e) {
63:                                     out.println("<p>Error: Invalid user ID format.</p>");
64:                                 } catch (ClassNotFoundException | SQLException e) {
65:                                     out.println("<p>Error retrieving details: " + e.getMessage() + "</p>");
66:                                 } finally {
67:                                     // Clean up resources


An error occurred at line: [68] in the jsp file: [/regsuccess.jsp]
SQLException cannot be resolved to a type
65:                                     out.println("<p>Error retrieving details: " + e.getMessage() + "</p>");
66:                                 } finally {
67:                                     // Clean up resources
68:                                     if (rs != null) try { rs.close(); } catch (SQLException e) { /* ignore */ }
69:                                     if (pstmt != null) try { pstmt.close(); } catch (SQLException e) { /* ignore */ }
70:                                     if (conn != null) try { conn.close(); } catch (SQLException e) { /* ignore */ }
71:                                 }


An error occurred at line: [69] in the jsp file: [/regsuccess.jsp]
SQLException cannot be resolved to a type
66:                                 } finally {
67:                                     // Clean up resources
68:                                     if (rs != null) try { rs.close(); } catch (SQLException e) { /* ignore */ }
69:                                     if (pstmt != null) try { pstmt.close(); } catch (SQLException e) { /* ignore */ }
70:                                     if (conn != null) try { conn.close(); } catch (SQLException e) { /* ignore */ }
71:                                 }
72:                             } else {


An error occurred at line: [70] in the jsp file: [/regsuccess.jsp]
SQLException cannot be resolved to a type
67:                                     // Clean up resources
68:                                     if (rs != null) try { rs.close(); } catch (SQLException e) { /* ignore */ }
69:                                     if (pstmt != null) try { pstmt.close(); } catch (SQLException e) { /* ignore */ }
70:                                     if (conn != null) try { conn.close(); } catch (SQLException e) { /* ignore */ }
71:                                 }
72:                             } else {
73:                                 out.println("<p>Error: No user ID provided in the request.</p>");


Stacktrace:] with root cause
	org.apache.jasper.JasperException: Unable to compile class for JSP: 

An error occurred at line: [26] in the jsp file: [/regsuccess.jsp]
Connection cannot be resolved to a type
23:                     <%
24:                             String userId = request.getParameter("user_id");
25:                             if (userId != null && !userId.trim().isEmpty()) {
26:                                 Connection conn = null;
27:                                 PreparedStatement pstmt = null;
28:                                 ResultSet rs = null;
29:                                 try {


An error occurred at line: [27] in the jsp file: [/regsuccess.jsp]
PreparedStatement cannot be resolved to a type
24:                             String userId = request.getParameter("user_id");
25:                             if (userId != null && !userId.trim().isEmpty()) {
26:                                 Connection conn = null;
27:                                 PreparedStatement pstmt = null;
28:                                 ResultSet rs = null;
29:                                 try {
30:                                     // Database connection details


An error occurred at line: [28] in the jsp file: [/regsuccess.jsp]
ResultSet cannot be resolved to a type
25:                             if (userId != null && !userId.trim().isEmpty()) {
26:                                 Connection conn = null;
27:                                 PreparedStatement pstmt = null;
28:                                 ResultSet rs = null;
29:                                 try {
30:                                     // Database connection details
31:                                     Class.forName("com.mysql.cj.jdbc.Driver");


An error occurred at line: [35] in the jsp file: [/regsuccess.jsp]
DriverManager cannot be resolved
32:                                     String url = "jdbc:mysql://localhost:3306/xyz_solutions";
33:                                     String dbUsername = "root";
34:                                     String dbPassword = "";
35:                                     conn = DriverManager.getConnection(url, dbUsername, dbPassword);
36: 
37:                                     // SQL query to fetch user details
38:                                     String sql = "SELECT f_name, l_name, email, phone_no FROM user WHERE user_id = ?";


An error occurred at line: [64] in the jsp file: [/regsuccess.jsp]
SQLException cannot be resolved to a type
61:                                     }
62:                                 } catch (NumberFormatException e) {
63:                                     out.println("<p>Error: Invalid user ID format.</p>");
64:                                 } catch (ClassNotFoundException | SQLException e) {
65:                                     out.println("<p>Error retrieving details: " + e.getMessage() + "</p>");
66:                                 } finally {
67:                                     // Clean up resources


An error occurred at line: [68] in the jsp file: [/regsuccess.jsp]
SQLException cannot be resolved to a type
65:                                     out.println("<p>Error retrieving details: " + e.getMessage() + "</p>");
66:                                 } finally {
67:                                     // Clean up resources
68:                                     if (rs != null) try { rs.close(); } catch (SQLException e) { /* ignore */ }
69:                                     if (pstmt != null) try { pstmt.close(); } catch (SQLException e) { /* ignore */ }
70:                                     if (conn != null) try { conn.close(); } catch (SQLException e) { /* ignore */ }
71:                                 }


An error occurred at line: [69] in the jsp file: [/regsuccess.jsp]
SQLException cannot be resolved to a type
66:                                 } finally {
67:                                     // Clean up resources
68:                                     if (rs != null) try { rs.close(); } catch (SQLException e) { /* ignore */ }
69:                                     if (pstmt != null) try { pstmt.close(); } catch (SQLException e) { /* ignore */ }
70:                                     if (conn != null) try { conn.close(); } catch (SQLException e) { /* ignore */ }
71:                                 }
72:                             } else {


An error occurred at line: [70] in the jsp file: [/regsuccess.jsp]
SQLException cannot be resolved to a type
67:                                     // Clean up resources
68:                                     if (rs != null) try { rs.close(); } catch (SQLException e) { /* ignore */ }
69:                                     if (pstmt != null) try { pstmt.close(); } catch (SQLException e) { /* ignore */ }
70:                                     if (conn != null) try { conn.close(); } catch (SQLException e) { /* ignore */ }
71:                                 }
72:                             } else {
73:                                 out.println("<p>Error: No user ID provided in the request.</p>");


Stacktrace:
		at org.apache.jasper.compiler.DefaultErrorHandler.javacError(DefaultErrorHandler.java:72)
		at org.apache.jasper.compiler.ErrorDispatcher.javacError(ErrorDispatcher.java:192)
		at org.apache.jasper.compiler.JDTCompiler.generateClass(JDTCompiler.java:542)
		at org.apache.jasper.compiler.Compiler.compile(Compiler.java:371)
		at org.apache.jasper.compiler.Compiler.compile(Compiler.java:343)
		at org.apache.jasper.compiler.Compiler.compile(Compiler.java:329)
		at org.apache.jasper.JspCompilationContext.compile(JspCompilationContext.java:603)
		at org.apache.jasper.servlet.JspServletWrapper.service(JspServletWrapper.java:399)
		at org.apache.jasper.servlet.JspServlet.serviceJspFile(JspServlet.java:376)
		at org.apache.jasper.servlet.JspServlet.service(JspServlet.java:324)
		at javax.servlet.http.HttpServlet.service(HttpServlet.java:623)
		at org.apache.catalina.core.ApplicationFilterChain.internalDoFilter(ApplicationFilterChain.java:199)
		at org.apache.catalina.core.ApplicationFilterChain.doFilter(ApplicationFilterChain.java:144)
		at org.apache.tomcat.websocket.server.WsFilter.doFilter(WsFilter.java:51)
		at org.apache.catalina.core.ApplicationFilterChain.internalDoFilter(ApplicationFilterChain.java:168)
		at org.apache.catalina.core.ApplicationFilterChain.doFilter(ApplicationFilterChain.java:144)
		at org.apache.catalina.core.StandardWrapperValve.invoke(StandardWrapperValve.java:168)
		at org.apache.catalina.core.StandardContextValve.invoke(StandardContextValve.java:90)
		at org.apache.catalina.authenticator.AuthenticatorBase.invoke(AuthenticatorBase.java:482)
		at org.apache.catalina.core.StandardHostValve.invoke(StandardHostValve.java:130)
		at org.apache.catalina.valves.ErrorReportValve.invoke(ErrorReportValve.java:93)
		at org.apache.catalina.valves.AbstractAccessLogValve.invoke(AbstractAccessLogValve.java:660)
		at org.apache.catalina.core.StandardEngineValve.invoke(StandardEngineValve.java:74)
		at org.apache.catalina.connector.CoyoteAdapter.service(CoyoteAdapter.java:346)
		at org.apache.coyote.http11.Http11Processor.service(Http11Processor.java:396)
		at org.apache.coyote.AbstractProcessorLight.process(AbstractProcessorLight.java:63)
		at org.apache.coyote.AbstractProtocol$ConnectionHandler.process(AbstractProtocol.java:937)
		at org.apache.tomcat.util.net.NioEndpoint$SocketProcessor.doRun(NioEndpoint.java:1793)
		at org.apache.tomcat.util.net.SocketProcessorBase.run(SocketProcessorBase.java:52)
		at org.apache.tomcat.util.threads.ThreadPoolExecutor.runWorker(ThreadPoolExecutor.java:1190)
		at org.apache.tomcat.util.threads.ThreadPoolExecutor$Worker.run(ThreadPoolExecutor.java:659)
		at org.apache.tomcat.util.threads.TaskThread$WrappingRunnable.run(TaskThread.java:63)
		at java.base/java.lang.Thread.run(Thread.java:1575)
13-Mar-2025 21:24:13.901 SEVERE [http-nio-8080-exec-4] org.apache.catalina.core.StandardWrapperValve.invoke Servlet.service() for servlet [jsp] in context with path [/ServletDemo] threw exception [Unable to compile class for JSP: 

An error occurred at line: [26] in the jsp file: [/regsuccess.jsp]
Connection cannot be resolved to a type
23:                     <%
24:                             String userId = request.getParameter("user_id");
25:                             if (userId != null && !userId.trim().isEmpty()) {
26:                                 Connection conn = null;
27:                                 PreparedStatement pstmt = null;
28:                                 ResultSet rs = null;
29:                                 try {


An error occurred at line: [27] in the jsp file: [/regsuccess.jsp]
PreparedStatement cannot be resolved to a type
24:                             String userId = request.getParameter("user_id");
25:                             if (userId != null && !userId.trim().isEmpty()) {
26:                                 Connection conn = null;
27:                                 PreparedStatement pstmt = null;
28:                                 ResultSet rs = null;
29:                                 try {
30:                                     // Database connection details


An error occurred at line: [28] in the jsp file: [/regsuccess.jsp]
ResultSet cannot be resolved to a type
25:                             if (userId != null && !userId.trim().isEmpty()) {
26:                                 Connection conn = null;
27:                                 PreparedStatement pstmt = null;
28:                                 ResultSet rs = null;
29:                                 try {
30:                                     // Database connection details
31:                                     Class.forName("com.mysql.cj.jdbc.Driver");


An error occurred at line: [35] in the jsp file: [/regsuccess.jsp]
DriverManager cannot be resolved
32:                                     String url = "jdbc:mysql://localhost:3306/xyz_solutions";
33:                                     String dbUsername = "root";
34:                                     String dbPassword = "";
35:                                     conn = DriverManager.getConnection(url, dbUsername, dbPassword);
36: 
37:                                     // SQL query to fetch user details
38:                                     String sql = "SELECT f_name, l_name, email, phone_no FROM user WHERE user_id = ?";


An error occurred at line: [64] in the jsp file: [/regsuccess.jsp]
SQLException cannot be resolved to a type
61:                                     }
62:                                 } catch (NumberFormatException e) {
63:                                     out.println("<p>Error: Invalid user ID format.</p>");
64:                                 } catch (ClassNotFoundException | SQLException e) {
65:                                     out.println("<p>Error retrieving details: " + e.getMessage() + "</p>");
66:                                 } finally {
67:                                     // Clean up resources


An error occurred at line: [68] in the jsp file: [/regsuccess.jsp]
SQLException cannot be resolved to a type
65:                                     out.println("<p>Error retrieving details: " + e.getMessage() + "</p>");
66:                                 } finally {
67:                                     // Clean up resources
68:                                     if (rs != null) try { rs.close(); } catch (SQLException e) { /* ignore */ }
69:                                     if (pstmt != null) try { pstmt.close(); } catch (SQLException e) { /* ignore */ }
70:                                     if (conn != null) try { conn.close(); } catch (SQLException e) { /* ignore */ }
71:                                 }


An error occurred at line: [69] in the jsp file: [/regsuccess.jsp]
SQLException cannot be resolved to a type
66:                                 } finally {
67:                                     // Clean up resources
68:                                     if (rs != null) try { rs.close(); } catch (SQLException e) { /* ignore */ }
69:                                     if (pstmt != null) try { pstmt.close(); } catch (SQLException e) { /* ignore */ }
70:                                     if (conn != null) try { conn.close(); } catch (SQLException e) { /* ignore */ }
71:                                 }
72:                             } else {


An error occurred at line: [70] in the jsp file: [/regsuccess.jsp]
SQLException cannot be resolved to a type
67:                                     // Clean up resources
68:                                     if (rs != null) try { rs.close(); } catch (SQLException e) { /* ignore */ }
69:                                     if (pstmt != null) try { pstmt.close(); } catch (SQLException e) { /* ignore */ }
70:                                     if (conn != null) try { conn.close(); } catch (SQLException e) { /* ignore */ }
71:                                 }
72:                             } else {
73:                                 out.println("<p>Error: No user ID provided in the request.</p>");


Stacktrace:] with root cause
	org.apache.jasper.JasperException: Unable to compile class for JSP: 

An error occurred at line: [26] in the jsp file: [/regsuccess.jsp]
Connection cannot be resolved to a type
23:                     <%
24:                             String userId = request.getParameter("user_id");
25:                             if (userId != null && !userId.trim().isEmpty()) {
26:                                 Connection conn = null;
27:                                 PreparedStatement pstmt = null;
28:                                 ResultSet rs = null;
29:                                 try {


An error occurred at line: [27] in the jsp file: [/regsuccess.jsp]
PreparedStatement cannot be resolved to a type
24:                             String userId = request.getParameter("user_id");
25:                             if (userId != null && !userId.trim().isEmpty()) {
26:                                 Connection conn = null;
27:                                 PreparedStatement pstmt = null;
28:                                 ResultSet rs = null;
29:                                 try {
30:                                     // Database connection details


An error occurred at line: [28] in the jsp file: [/regsuccess.jsp]
ResultSet cannot be resolved to a type
25:                             if (userId != null && !userId.trim().isEmpty()) {
26:                                 Connection conn = null;
27:                                 PreparedStatement pstmt = null;
28:                                 ResultSet rs = null;
29:                                 try {
30:                                     // Database connection details
31:                                     Class.forName("com.mysql.cj.jdbc.Driver");


An error occurred at line: [35] in the jsp file: [/regsuccess.jsp]
DriverManager cannot be resolved
32:                                     String url = "jdbc:mysql://localhost:3306/xyz_solutions";
33:                                     String dbUsername = "root";
34:                                     String dbPassword = "";
35:                                     conn = DriverManager.getConnection(url, dbUsername, dbPassword);
36: 
37:                                     // SQL query to fetch user details
38:                                     String sql = "SELECT f_name, l_name, email, phone_no FROM user WHERE user_id = ?";


An error occurred at line: [64] in the jsp file: [/regsuccess.jsp]
SQLException cannot be resolved to a type
61:                                     }
62:                                 } catch (NumberFormatException e) {
63:                                     out.println("<p>Error: Invalid user ID format.</p>");
64:                                 } catch (ClassNotFoundException | SQLException e) {
65:                                     out.println("<p>Error retrieving details: " + e.getMessage() + "</p>");
66:                                 } finally {
67:                                     // Clean up resources


An error occurred at line: [68] in the jsp file: [/regsuccess.jsp]
SQLException cannot be resolved to a type
65:                                     out.println("<p>Error retrieving details: " + e.getMessage() + "</p>");
66:                                 } finally {
67:                                     // Clean up resources
68:                                     if (rs != null) try { rs.close(); } catch (SQLException e) { /* ignore */ }
69:                                     if (pstmt != null) try { pstmt.close(); } catch (SQLException e) { /* ignore */ }
70:                                     if (conn != null) try { conn.close(); } catch (SQLException e) { /* ignore */ }
71:                                 }


An error occurred at line: [69] in the jsp file: [/regsuccess.jsp]
SQLException cannot be resolved to a type
66:                                 } finally {
67:                                     // Clean up resources
68:                                     if (rs != null) try { rs.close(); } catch (SQLException e) { /* ignore */ }
69:                                     if (pstmt != null) try { pstmt.close(); } catch (SQLException e) { /* ignore */ }
70:                                     if (conn != null) try { conn.close(); } catch (SQLException e) { /* ignore */ }
71:                                 }
72:                             } else {


An error occurred at line: [70] in the jsp file: [/regsuccess.jsp]
SQLException cannot be resolved to a type
67:                                     // Clean up resources
68:                                     if (rs != null) try { rs.close(); } catch (SQLException e) { /* ignore */ }
69:                                     if (pstmt != null) try { pstmt.close(); } catch (SQLException e) { /* ignore */ }
70:                                     if (conn != null) try { conn.close(); } catch (SQLException e) { /* ignore */ }
71:                                 }
72:                             } else {
73:                                 out.println("<p>Error: No user ID provided in the request.</p>");


Stacktrace:
		at org.apache.jasper.compiler.DefaultErrorHandler.javacError(DefaultErrorHandler.java:72)
		at org.apache.jasper.compiler.ErrorDispatcher.javacError(ErrorDispatcher.java:192)
		at org.apache.jasper.compiler.JDTCompiler.generateClass(JDTCompiler.java:542)
		at org.apache.jasper.compiler.Compiler.compile(Compiler.java:371)
		at org.apache.jasper.compiler.Compiler.compile(Compiler.java:343)
		at org.apache.jasper.compiler.Compiler.compile(Compiler.java:329)
		at org.apache.jasper.JspCompilationContext.compile(JspCompilationContext.java:603)
		at org.apache.jasper.servlet.JspServletWrapper.service(JspServletWrapper.java:399)
		at org.apache.jasper.servlet.JspServlet.serviceJspFile(JspServlet.java:376)
		at org.apache.jasper.servlet.JspServlet.service(JspServlet.java:324)
		at javax.servlet.http.HttpServlet.service(HttpServlet.java:623)
		at org.apache.catalina.core.ApplicationFilterChain.internalDoFilter(ApplicationFilterChain.java:199)
		at org.apache.catalina.core.ApplicationFilterChain.doFilter(ApplicationFilterChain.java:144)
		at org.apache.tomcat.websocket.server.WsFilter.doFilter(WsFilter.java:51)
		at org.apache.catalina.core.ApplicationFilterChain.internalDoFilter(ApplicationFilterChain.java:168)
		at org.apache.catalina.core.ApplicationFilterChain.doFilter(ApplicationFilterChain.java:144)
		at org.apache.catalina.core.StandardWrapperValve.invoke(StandardWrapperValve.java:168)
		at org.apache.catalina.core.StandardContextValve.invoke(StandardContextValve.java:90)
		at org.apache.catalina.authenticator.AuthenticatorBase.invoke(AuthenticatorBase.java:482)
		at org.apache.catalina.core.StandardHostValve.invoke(StandardHostValve.java:130)
		at org.apache.catalina.valves.ErrorReportValve.invoke(ErrorReportValve.java:93)
		at org.apache.catalina.valves.AbstractAccessLogValve.invoke(AbstractAccessLogValve.java:660)
		at org.apache.catalina.core.StandardEngineValve.invoke(StandardEngineValve.java:74)
		at org.apache.catalina.connector.CoyoteAdapter.service(CoyoteAdapter.java:346)
		at org.apache.coyote.http11.Http11Processor.service(Http11Processor.java:396)
		at org.apache.coyote.AbstractProcessorLight.process(AbstractProcessorLight.java:63)
		at org.apache.coyote.AbstractProtocol$ConnectionHandler.process(AbstractProtocol.java:937)
		at org.apache.tomcat.util.net.NioEndpoint$SocketProcessor.doRun(NioEndpoint.java:1793)
		at org.apache.tomcat.util.net.SocketProcessorBase.run(SocketProcessorBase.java:52)
		at org.apache.tomcat.util.threads.ThreadPoolExecutor.runWorker(ThreadPoolExecutor.java:1190)
		at org.apache.tomcat.util.threads.ThreadPoolExecutor$Worker.run(ThreadPoolExecutor.java:659)
		at org.apache.tomcat.util.threads.TaskThread$WrappingRunnable.run(TaskThread.java:63)
		at java.base/java.lang.Thread.run(Thread.java:1575)
13-Mar-2025 21:24:18.288 SEVERE [http-nio-8080-exec-10] org.apache.catalina.core.StandardWrapperValve.invoke Servlet.service() for servlet [jsp] in context with path [/ServletDemo] threw exception [Unable to compile class for JSP: 

An error occurred at line: [26] in the jsp file: [/regsuccess.jsp]
Connection cannot be resolved to a type
23:                     <%
24:                             String userId = request.getParameter("user_id");
25:                             if (userId != null && !userId.trim().isEmpty()) {
26:                                 Connection conn = null;
27:                                 PreparedStatement pstmt = null;
28:                                 ResultSet rs = null;
29:                                 try {


An error occurred at line: [27] in the jsp file: [/regsuccess.jsp]
PreparedStatement cannot be resolved to a type
24:                             String userId = request.getParameter("user_id");
25:                             if (userId != null && !userId.trim().isEmpty()) {
26:                                 Connection conn = null;
27:                                 PreparedStatement pstmt = null;
28:                                 ResultSet rs = null;
29:                                 try {
30:                                     // Database connection details


An error occurred at line: [28] in the jsp file: [/regsuccess.jsp]
ResultSet cannot be resolved to a type
25:                             if (userId != null && !userId.trim().isEmpty()) {
26:                                 Connection conn = null;
27:                                 PreparedStatement pstmt = null;
28:                                 ResultSet rs = null;
29:                                 try {
30:                                     // Database connection details
31:                                     Class.forName("com.mysql.cj.jdbc.Driver");


An error occurred at line: [35] in the jsp file: [/regsuccess.jsp]
DriverManager cannot be resolved
32:                                     String url = "jdbc:mysql://localhost:3306/xyz_solutions";
33:                                     String dbUsername = "root";
34:                                     String dbPassword = "";
35:                                     conn = DriverManager.getConnection(url, dbUsername, dbPassword);
36: 
37:                                     // SQL query to fetch user details
38:                                     String sql = "SELECT f_name, l_name, email, phone_no FROM user WHERE user_id = ?";


An error occurred at line: [64] in the jsp file: [/regsuccess.jsp]
SQLException cannot be resolved to a type
61:                                     }
62:                                 } catch (NumberFormatException e) {
63:                                     out.println("<p>Error: Invalid user ID format.</p>");
64:                                 } catch (ClassNotFoundException | SQLException e) {
65:                                     out.println("<p>Error retrieving details: " + e.getMessage() + "</p>");
66:                                 } finally {
67:                                     // Clean up resources


An error occurred at line: [68] in the jsp file: [/regsuccess.jsp]
SQLException cannot be resolved to a type
65:                                     out.println("<p>Error retrieving details: " + e.getMessage() + "</p>");
66:                                 } finally {
67:                                     // Clean up resources
68:                                     if (rs != null) try { rs.close(); } catch (SQLException e) { /* ignore */ }
69:                                     if (pstmt != null) try { pstmt.close(); } catch (SQLException e) { /* ignore */ }
70:                                     if (conn != null) try { conn.close(); } catch (SQLException e) { /* ignore */ }
71:                                 }


An error occurred at line: [69] in the jsp file: [/regsuccess.jsp]
SQLException cannot be resolved to a type
66:                                 } finally {
67:                                     // Clean up resources
68:                                     if (rs != null) try { rs.close(); } catch (SQLException e) { /* ignore */ }
69:                                     if (pstmt != null) try { pstmt.close(); } catch (SQLException e) { /* ignore */ }
70:                                     if (conn != null) try { conn.close(); } catch (SQLException e) { /* ignore */ }
71:                                 }
72:                             } else {


An error occurred at line: [70] in the jsp file: [/regsuccess.jsp]
SQLException cannot be resolved to a type
67:                                     // Clean up resources
68:                                     if (rs != null) try { rs.close(); } catch (SQLException e) { /* ignore */ }
69:                                     if (pstmt != null) try { pstmt.close(); } catch (SQLException e) { /* ignore */ }
70:                                     if (conn != null) try { conn.close(); } catch (SQLException e) { /* ignore */ }
71:                                 }
72:                             } else {
73:                                 out.println("<p>Error: No user ID provided in the request.</p>");


Stacktrace:] with root cause
	org.apache.jasper.JasperException: Unable to compile class for JSP: 

An error occurred at line: [26] in the jsp file: [/regsuccess.jsp]
Connection cannot be resolved to a type
23:                     <%
24:                             String userId = request.getParameter("user_id");
25:                             if (userId != null && !userId.trim().isEmpty()) {
26:                                 Connection conn = null;
27:                                 PreparedStatement pstmt = null;
28:                                 ResultSet rs = null;
29:                                 try {


An error occurred at line: [27] in the jsp file: [/regsuccess.jsp]
PreparedStatement cannot be resolved to a type
24:                             String userId = request.getParameter("user_id");
25:                             if (userId != null && !userId.trim().isEmpty()) {
26:                                 Connection conn = null;
27:                                 PreparedStatement pstmt = null;
28:                                 ResultSet rs = null;
29:                                 try {
30:                                     // Database connection details


An error occurred at line: [28] in the jsp file: [/regsuccess.jsp]
ResultSet cannot be resolved to a type
25:                             if (userId != null && !userId.trim().isEmpty()) {
26:                                 Connection conn = null;
27:                                 PreparedStatement pstmt = null;
28:                                 ResultSet rs = null;
29:                                 try {
30:                                     // Database connection details
31:                                     Class.forName("com.mysql.cj.jdbc.Driver");


An error occurred at line: [35] in the jsp file: [/regsuccess.jsp]
DriverManager cannot be resolved
32:                                     String url = "jdbc:mysql://localhost:3306/xyz_solutions";
33:                                     String dbUsername = "root";
34:                                     String dbPassword = "";
35:                                     conn = DriverManager.getConnection(url, dbUsername, dbPassword);
36: 
37:                                     // SQL query to fetch user details
38:                                     String sql = "SELECT f_name, l_name, email, phone_no FROM user WHERE user_id = ?";


An error occurred at line: [64] in the jsp file: [/regsuccess.jsp]
SQLException cannot be resolved to a type
61:                                     }
62:                                 } catch (NumberFormatException e) {
63:                                     out.println("<p>Error: Invalid user ID format.</p>");
64:                                 } catch (ClassNotFoundException | SQLException e) {
65:                                     out.println("<p>Error retrieving details: " + e.getMessage() + "</p>");
66:                                 } finally {
67:                                     // Clean up resources


An error occurred at line: [68] in the jsp file: [/regsuccess.jsp]
SQLException cannot be resolved to a type
65:                                     out.println("<p>Error retrieving details: " + e.getMessage() + "</p>");
66:                                 } finally {
67:                                     // Clean up resources
68:                                     if (rs != null) try { rs.close(); } catch (SQLException e) { /* ignore */ }
69:                                     if (pstmt != null) try { pstmt.close(); } catch (SQLException e) { /* ignore */ }
70:                                     if (conn != null) try { conn.close(); } catch (SQLException e) { /* ignore */ }
71:                                 }


An error occurred at line: [69] in the jsp file: [/regsuccess.jsp]
SQLException cannot be resolved to a type
66:                                 } finally {
67:                                     // Clean up resources
68:                                     if (rs != null) try { rs.close(); } catch (SQLException e) { /* ignore */ }
69:                                     if (pstmt != null) try { pstmt.close(); } catch (SQLException e) { /* ignore */ }
70:                                     if (conn != null) try { conn.close(); } catch (SQLException e) { /* ignore */ }
71:                                 }
72:                             } else {


An error occurred at line: [70] in the jsp file: [/regsuccess.jsp]
SQLException cannot be resolved to a type
67:                                     // Clean up resources
68:                                     if (rs != null) try { rs.close(); } catch (SQLException e) { /* ignore */ }
69:                                     if (pstmt != null) try { pstmt.close(); } catch (SQLException e) { /* ignore */ }
70:                                     if (conn != null) try { conn.close(); } catch (SQLException e) { /* ignore */ }
71:                                 }
72:                             } else {
73:                                 out.println("<p>Error: No user ID provided in the request.</p>");


Stacktrace:
		at org.apache.jasper.compiler.DefaultErrorHandler.javacError(DefaultErrorHandler.java:72)
		at org.apache.jasper.compiler.ErrorDispatcher.javacError(ErrorDispatcher.java:192)
		at org.apache.jasper.compiler.JDTCompiler.generateClass(JDTCompiler.java:542)
		at org.apache.jasper.compiler.Compiler.compile(Compiler.java:371)
		at org.apache.jasper.compiler.Compiler.compile(Compiler.java:343)
		at org.apache.jasper.compiler.Compiler.compile(Compiler.java:329)
		at org.apache.jasper.JspCompilationContext.compile(JspCompilationContext.java:603)
		at org.apache.jasper.servlet.JspServletWrapper.service(JspServletWrapper.java:399)
		at org.apache.jasper.servlet.JspServlet.serviceJspFile(JspServlet.java:376)
		at org.apache.jasper.servlet.JspServlet.service(JspServlet.java:324)
		at javax.servlet.http.HttpServlet.service(HttpServlet.java:623)
		at org.apache.catalina.core.ApplicationFilterChain.internalDoFilter(ApplicationFilterChain.java:199)
		at org.apache.catalina.core.ApplicationFilterChain.doFilter(ApplicationFilterChain.java:144)
		at org.apache.tomcat.websocket.server.WsFilter.doFilter(WsFilter.java:51)
		at org.apache.catalina.core.ApplicationFilterChain.internalDoFilter(ApplicationFilterChain.java:168)
		at org.apache.catalina.core.ApplicationFilterChain.doFilter(ApplicationFilterChain.java:144)
		at org.apache.catalina.core.StandardWrapperValve.invoke(StandardWrapperValve.java:168)
		at org.apache.catalina.core.StandardContextValve.invoke(StandardContextValve.java:90)
		at org.apache.catalina.authenticator.AuthenticatorBase.invoke(AuthenticatorBase.java:482)
		at org.apache.catalina.core.StandardHostValve.invoke(StandardHostValve.java:130)
		at org.apache.catalina.valves.ErrorReportValve.invoke(ErrorReportValve.java:93)
		at org.apache.catalina.valves.AbstractAccessLogValve.invoke(AbstractAccessLogValve.java:660)
		at org.apache.catalina.core.StandardEngineValve.invoke(StandardEngineValve.java:74)
		at org.apache.catalina.connector.CoyoteAdapter.service(CoyoteAdapter.java:346)
		at org.apache.coyote.http11.Http11Processor.service(Http11Processor.java:396)
		at org.apache.coyote.AbstractProcessorLight.process(AbstractProcessorLight.java:63)
		at org.apache.coyote.AbstractProtocol$ConnectionHandler.process(AbstractProtocol.java:937)
		at org.apache.tomcat.util.net.NioEndpoint$SocketProcessor.doRun(NioEndpoint.java:1793)
		at org.apache.tomcat.util.net.SocketProcessorBase.run(SocketProcessorBase.java:52)
		at org.apache.tomcat.util.threads.ThreadPoolExecutor.runWorker(ThreadPoolExecutor.java:1190)
		at org.apache.tomcat.util.threads.ThreadPoolExecutor$Worker.run(ThreadPoolExecutor.java:659)
		at org.apache.tomcat.util.threads.TaskThread$WrappingRunnable.run(TaskThread.java:63)
		at java.base/java.lang.Thread.run(Thread.java:1575)
13-Mar-2025 21:24:26.294 SEVERE [http-nio-8080-exec-9] org.apache.catalina.core.StandardWrapperValve.invoke Servlet.service() for servlet [jsp] in context with path [/ServletDemo] threw exception [Unable to compile class for JSP: 

An error occurred at line: [26] in the jsp file: [/regsuccess.jsp]
Connection cannot be resolved to a type
23:                     <%
24:                             String userId = request.getParameter("user_id");
25:                             if (userId != null && !userId.trim().isEmpty()) {
26:                                 Connection conn = null;
27:                                 PreparedStatement pstmt = null;
28:                                 ResultSet rs = null;
29:                                 try {


An error occurred at line: [27] in the jsp file: [/regsuccess.jsp]
PreparedStatement cannot be resolved to a type
24:                             String userId = request.getParameter("user_id");
25:                             if (userId != null && !userId.trim().isEmpty()) {
26:                                 Connection conn = null;
27:                                 PreparedStatement pstmt = null;
28:                                 ResultSet rs = null;
29:                                 try {
30:                                     // Database connection details


An error occurred at line: [28] in the jsp file: [/regsuccess.jsp]
ResultSet cannot be resolved to a type
25:                             if (userId != null && !userId.trim().isEmpty()) {
26:                                 Connection conn = null;
27:                                 PreparedStatement pstmt = null;
28:                                 ResultSet rs = null;
29:                                 try {
30:                                     // Database connection details
31:                                     Class.forName("com.mysql.cj.jdbc.Driver");


An error occurred at line: [35] in the jsp file: [/regsuccess.jsp]
DriverManager cannot be resolved
32:                                     String url = "jdbc:mysql://localhost:3306/xyz_solutions";
33:                                     String dbUsername = "root";
34:                                     String dbPassword = "";
35:                                     conn = DriverManager.getConnection(url, dbUsername, dbPassword);
36: 
37:                                     // SQL query to fetch user details
38:                                     String sql = "SELECT f_name, l_name, email, phone_no FROM user WHERE user_id = ?";


An error occurred at line: [64] in the jsp file: [/regsuccess.jsp]
SQLException cannot be resolved to a type
61:                                     }
62:                                 } catch (NumberFormatException e) {
63:                                     out.println("<p>Error: Invalid user ID format.</p>");
64:                                 } catch (ClassNotFoundException | SQLException e) {
65:                                     out.println("<p>Error retrieving details: " + e.getMessage() + "</p>");
66:                                 } finally {
67:                                     // Clean up resources


An error occurred at line: [68] in the jsp file: [/regsuccess.jsp]
SQLException cannot be resolved to a type
65:                                     out.println("<p>Error retrieving details: " + e.getMessage() + "</p>");
66:                                 } finally {
67:                                     // Clean up resources
68:                                     if (rs != null) try { rs.close(); } catch (SQLException e) { /* ignore */ }
69:                                     if (pstmt != null) try { pstmt.close(); } catch (SQLException e) { /* ignore */ }
70:                                     if (conn != null) try { conn.close(); } catch (SQLException e) { /* ignore */ }
71:                                 }


An error occurred at line: [69] in the jsp file: [/regsuccess.jsp]
SQLException cannot be resolved to a type
66:                                 } finally {
67:                                     // Clean up resources
68:                                     if (rs != null) try { rs.close(); } catch (SQLException e) { /* ignore */ }
69:                                     if (pstmt != null) try { pstmt.close(); } catch (SQLException e) { /* ignore */ }
70:                                     if (conn != null) try { conn.close(); } catch (SQLException e) { /* ignore */ }
71:                                 }
72:                             } else {


An error occurred at line: [70] in the jsp file: [/regsuccess.jsp]
SQLException cannot be resolved to a type
67:                                     // Clean up resources
68:                                     if (rs != null) try { rs.close(); } catch (SQLException e) { /* ignore */ }
69:                                     if (pstmt != null) try { pstmt.close(); } catch (SQLException e) { /* ignore */ }
70:                                     if (conn != null) try { conn.close(); } catch (SQLException e) { /* ignore */ }
71:                                 }
72:                             } else {
73:                                 out.println("<p>Error: No user ID provided in the request.</p>");


Stacktrace:] with root cause
	org.apache.jasper.JasperException: Unable to compile class for JSP: 

An error occurred at line: [26] in the jsp file: [/regsuccess.jsp]
Connection cannot be resolved to a type
23:                     <%
24:                             String userId = request.getParameter("user_id");
25:                             if (userId != null && !userId.trim().isEmpty()) {
26:                                 Connection conn = null;
27:                                 PreparedStatement pstmt = null;
28:                                 ResultSet rs = null;
29:                                 try {


An error occurred at line: [27] in the jsp file: [/regsuccess.jsp]
PreparedStatement cannot be resolved to a type
24:                             String userId = request.getParameter("user_id");
25:                             if (userId != null && !userId.trim().isEmpty()) {
26:                                 Connection conn = null;
27:                                 PreparedStatement pstmt = null;
28:                                 ResultSet rs = null;
29:                                 try {
30:                                     // Database connection details


An error occurred at line: [28] in the jsp file: [/regsuccess.jsp]
ResultSet cannot be resolved to a type
25:                             if (userId != null && !userId.trim().isEmpty()) {
26:                                 Connection conn = null;
27:                                 PreparedStatement pstmt = null;
28:                                 ResultSet rs = null;
29:                                 try {
30:                                     // Database connection details
31:                                     Class.forName("com.mysql.cj.jdbc.Driver");


An error occurred at line: [35] in the jsp file: [/regsuccess.jsp]
DriverManager cannot be resolved
32:                                     String url = "jdbc:mysql://localhost:3306/xyz_solutions";
33:                                     String dbUsername = "root";
34:                                     String dbPassword = "";
35:                                     conn = DriverManager.getConnection(url, dbUsername, dbPassword);
36: 
37:                                     // SQL query to fetch user details
38:                                     String sql = "SELECT f_name, l_name, email, phone_no FROM user WHERE user_id = ?";


An error occurred at line: [64] in the jsp file: [/regsuccess.jsp]
SQLException cannot be resolved to a type
61:                                     }
62:                                 } catch (NumberFormatException e) {
63:                                     out.println("<p>Error: Invalid user ID format.</p>");
64:                                 } catch (ClassNotFoundException | SQLException e) {
65:                                     out.println("<p>Error retrieving details: " + e.getMessage() + "</p>");
66:                                 } finally {
67:                                     // Clean up resources


An error occurred at line: [68] in the jsp file: [/regsuccess.jsp]
SQLException cannot be resolved to a type
65:                                     out.println("<p>Error retrieving details: " + e.getMessage() + "</p>");
66:                                 } finally {
67:                                     // Clean up resources
68:                                     if (rs != null) try { rs.close(); } catch (SQLException e) { /* ignore */ }
69:                                     if (pstmt != null) try { pstmt.close(); } catch (SQLException e) { /* ignore */ }
70:                                     if (conn != null) try { conn.close(); } catch (SQLException e) { /* ignore */ }
71:                                 }


An error occurred at line: [69] in the jsp file: [/regsuccess.jsp]
SQLException cannot be resolved to a type
66:                                 } finally {
67:                                     // Clean up resources
68:                                     if (rs != null) try { rs.close(); } catch (SQLException e) { /* ignore */ }
69:                                     if (pstmt != null) try { pstmt.close(); } catch (SQLException e) { /* ignore */ }
70:                                     if (conn != null) try { conn.close(); } catch (SQLException e) { /* ignore */ }
71:                                 }
72:                             } else {


An error occurred at line: [70] in the jsp file: [/regsuccess.jsp]
SQLException cannot be resolved to a type
67:                                     // Clean up resources
68:                                     if (rs != null) try { rs.close(); } catch (SQLException e) { /* ignore */ }
69:                                     if (pstmt != null) try { pstmt.close(); } catch (SQLException e) { /* ignore */ }
70:                                     if (conn != null) try { conn.close(); } catch (SQLException e) { /* ignore */ }
71:                                 }
72:                             } else {
73:                                 out.println("<p>Error: No user ID provided in the request.</p>");


Stacktrace:
		at org.apache.jasper.compiler.DefaultErrorHandler.javacError(DefaultErrorHandler.java:72)
		at org.apache.jasper.compiler.ErrorDispatcher.javacError(ErrorDispatcher.java:192)
		at org.apache.jasper.compiler.JDTCompiler.generateClass(JDTCompiler.java:542)
		at org.apache.jasper.compiler.Compiler.compile(Compiler.java:371)
		at org.apache.jasper.compiler.Compiler.compile(Compiler.java:343)
		at org.apache.jasper.compiler.Compiler.compile(Compiler.java:329)
		at org.apache.jasper.JspCompilationContext.compile(JspCompilationContext.java:603)
		at org.apache.jasper.servlet.JspServletWrapper.service(JspServletWrapper.java:399)
		at org.apache.jasper.servlet.JspServlet.serviceJspFile(JspServlet.java:376)
		at org.apache.jasper.servlet.JspServlet.service(JspServlet.java:324)
		at javax.servlet.http.HttpServlet.service(HttpServlet.java:623)
		at org.apache.catalina.core.ApplicationFilterChain.internalDoFilter(ApplicationFilterChain.java:199)
		at org.apache.catalina.core.ApplicationFilterChain.doFilter(ApplicationFilterChain.java:144)
		at org.apache.tomcat.websocket.server.WsFilter.doFilter(WsFilter.java:51)
		at org.apache.catalina.core.ApplicationFilterChain.internalDoFilter(ApplicationFilterChain.java:168)
		at org.apache.catalina.core.ApplicationFilterChain.doFilter(ApplicationFilterChain.java:144)
		at org.apache.catalina.core.StandardWrapperValve.invoke(StandardWrapperValve.java:168)
		at org.apache.catalina.core.StandardContextValve.invoke(StandardContextValve.java:90)
		at org.apache.catalina.authenticator.AuthenticatorBase.invoke(AuthenticatorBase.java:482)
		at org.apache.catalina.core.StandardHostValve.invoke(StandardHostValve.java:130)
		at org.apache.catalina.valves.ErrorReportValve.invoke(ErrorReportValve.java:93)
		at org.apache.catalina.valves.AbstractAccessLogValve.invoke(AbstractAccessLogValve.java:660)
		at org.apache.catalina.core.StandardEngineValve.invoke(StandardEngineValve.java:74)
		at org.apache.catalina.connector.CoyoteAdapter.service(CoyoteAdapter.java:346)
		at org.apache.coyote.http11.Http11Processor.service(Http11Processor.java:396)
		at org.apache.coyote.AbstractProcessorLight.process(AbstractProcessorLight.java:63)
		at org.apache.coyote.AbstractProtocol$ConnectionHandler.process(AbstractProtocol.java:937)
		at org.apache.tomcat.util.net.NioEndpoint$SocketProcessor.doRun(NioEndpoint.java:1793)
		at org.apache.tomcat.util.net.SocketProcessorBase.run(SocketProcessorBase.java:52)
		at org.apache.tomcat.util.threads.ThreadPoolExecutor.runWorker(ThreadPoolExecutor.java:1190)
		at org.apache.tomcat.util.threads.ThreadPoolExecutor$Worker.run(ThreadPoolExecutor.java:659)
		at org.apache.tomcat.util.threads.TaskThread$WrappingRunnable.run(TaskThread.java:63)
		at java.base/java.lang.Thread.run(Thread.java:1575)
13-Mar-2025 21:24:30.849 SEVERE [http-nio-8080-exec-10] org.apache.catalina.core.StandardWrapperValve.invoke Servlet.service() for servlet [jsp] in context with path [/ServletDemo] threw exception [Unable to compile class for JSP: 

An error occurred at line: [26] in the jsp file: [/regsuccess.jsp]
Connection cannot be resolved to a type
23:                     <%
24:                             String userId = request.getParameter("user_id");
25:                             if (userId != null && !userId.trim().isEmpty()) {
26:                                 Connection conn = null;
27:                                 PreparedStatement pstmt = null;
28:                                 ResultSet rs = null;
29:                                 try {


An error occurred at line: [27] in the jsp file: [/regsuccess.jsp]
PreparedStatement cannot be resolved to a type
24:                             String userId = request.getParameter("user_id");
25:                             if (userId != null && !userId.trim().isEmpty()) {
26:                                 Connection conn = null;
27:                                 PreparedStatement pstmt = null;
28:                                 ResultSet rs = null;
29:                                 try {
30:                                     // Database connection details


An error occurred at line: [28] in the jsp file: [/regsuccess.jsp]
ResultSet cannot be resolved to a type
25:                             if (userId != null && !userId.trim().isEmpty()) {
26:                                 Connection conn = null;
27:                                 PreparedStatement pstmt = null;
28:                                 ResultSet rs = null;
29:                                 try {
30:                                     // Database connection details
31:                                     Class.forName("com.mysql.cj.jdbc.Driver");


An error occurred at line: [35] in the jsp file: [/regsuccess.jsp]
DriverManager cannot be resolved
32:                                     String url = "jdbc:mysql://localhost:3306/xyz_solutions";
33:                                     String dbUsername = "root";
34:                                     String dbPassword = "";
35:                                     conn = DriverManager.getConnection(url, dbUsername, dbPassword);
36: 
37:                                     // SQL query to fetch user details
38:                                     String sql = "SELECT f_name, l_name, email, phone_no FROM user WHERE user_id = ?";


An error occurred at line: [64] in the jsp file: [/regsuccess.jsp]
SQLException cannot be resolved to a type
61:                                     }
62:                                 } catch (NumberFormatException e) {
63:                                     out.println("<p>Error: Invalid user ID format.</p>");
64:                                 } catch (ClassNotFoundException | SQLException e) {
65:                                     out.println("<p>Error retrieving details: " + e.getMessage() + "</p>");
66:                                 } finally {
67:                                     // Clean up resources


An error occurred at line: [68] in the jsp file: [/regsuccess.jsp]
SQLException cannot be resolved to a type
65:                                     out.println("<p>Error retrieving details: " + e.getMessage() + "</p>");
66:                                 } finally {
67:                                     // Clean up resources
68:                                     if (rs != null) try { rs.close(); } catch (SQLException e) { /* ignore */ }
69:                                     if (pstmt != null) try { pstmt.close(); } catch (SQLException e) { /* ignore */ }
70:                                     if (conn != null) try { conn.close(); } catch (SQLException e) { /* ignore */ }
71:                                 }


An error occurred at line: [69] in the jsp file: [/regsuccess.jsp]
SQLException cannot be resolved to a type
66:                                 } finally {
67:                                     // Clean up resources
68:                                     if (rs != null) try { rs.close(); } catch (SQLException e) { /* ignore */ }
69:                                     if (pstmt != null) try { pstmt.close(); } catch (SQLException e) { /* ignore */ }
70:                                     if (conn != null) try { conn.close(); } catch (SQLException e) { /* ignore */ }
71:                                 }
72:                             } else {


An error occurred at line: [70] in the jsp file: [/regsuccess.jsp]
SQLException cannot be resolved to a type
67:                                     // Clean up resources
68:                                     if (rs != null) try { rs.close(); } catch (SQLException e) { /* ignore */ }
69:                                     if (pstmt != null) try { pstmt.close(); } catch (SQLException e) { /* ignore */ }
70:                                     if (conn != null) try { conn.close(); } catch (SQLException e) { /* ignore */ }
71:                                 }
72:                             } else {
73:                                 out.println("<p>Error: No user ID provided in the request.</p>");


Stacktrace:] with root cause
	org.apache.jasper.JasperException: Unable to compile class for JSP: 

An error occurred at line: [26] in the jsp file: [/regsuccess.jsp]
Connection cannot be resolved to a type
23:                     <%
24:                             String userId = request.getParameter("user_id");
25:                             if (userId != null && !userId.trim().isEmpty()) {
26:                                 Connection conn = null;
27:                                 PreparedStatement pstmt = null;
28:                                 ResultSet rs = null;
29:                                 try {


An error occurred at line: [27] in the jsp file: [/regsuccess.jsp]
PreparedStatement cannot be resolved to a type
24:                             String userId = request.getParameter("user_id");
25:                             if (userId != null && !userId.trim().isEmpty()) {
26:                                 Connection conn = null;
27:                                 PreparedStatement pstmt = null;
28:                                 ResultSet rs = null;
29:                                 try {
30:                                     // Database connection details


An error occurred at line: [28] in the jsp file: [/regsuccess.jsp]
ResultSet cannot be resolved to a type
25:                             if (userId != null && !userId.trim().isEmpty()) {
26:                                 Connection conn = null;
27:                                 PreparedStatement pstmt = null;
28:                                 ResultSet rs = null;
29:                                 try {
30:                                     // Database connection details
31:                                     Class.forName("com.mysql.cj.jdbc.Driver");


An error occurred at line: [35] in the jsp file: [/regsuccess.jsp]
DriverManager cannot be resolved
32:                                     String url = "jdbc:mysql://localhost:3306/xyz_solutions";
33:                                     String dbUsername = "root";
34:                                     String dbPassword = "";
35:                                     conn = DriverManager.getConnection(url, dbUsername, dbPassword);
36: 
37:                                     // SQL query to fetch user details
38:                                     String sql = "SELECT f_name, l_name, email, phone_no FROM user WHERE user_id = ?";


An error occurred at line: [64] in the jsp file: [/regsuccess.jsp]
SQLException cannot be resolved to a type
61:                                     }
62:                                 } catch (NumberFormatException e) {
63:                                     out.println("<p>Error: Invalid user ID format.</p>");
64:                                 } catch (ClassNotFoundException | SQLException e) {
65:                                     out.println("<p>Error retrieving details: " + e.getMessage() + "</p>");
66:                                 } finally {
67:                                     // Clean up resources


An error occurred at line: [68] in the jsp file: [/regsuccess.jsp]
SQLException cannot be resolved to a type
65:                                     out.println("<p>Error retrieving details: " + e.getMessage() + "</p>");
66:                                 } finally {
67:                                     // Clean up resources
68:                                     if (rs != null) try { rs.close(); } catch (SQLException e) { /* ignore */ }
69:                                     if (pstmt != null) try { pstmt.close(); } catch (SQLException e) { /* ignore */ }
70:                                     if (conn != null) try { conn.close(); } catch (SQLException e) { /* ignore */ }
71:                                 }


An error occurred at line: [69] in the jsp file: [/regsuccess.jsp]
SQLException cannot be resolved to a type
66:                                 } finally {
67:                                     // Clean up resources
68:                                     if (rs != null) try { rs.close(); } catch (SQLException e) { /* ignore */ }
69:                                     if (pstmt != null) try { pstmt.close(); } catch (SQLException e) { /* ignore */ }
70:                                     if (conn != null) try { conn.close(); } catch (SQLException e) { /* ignore */ }
71:                                 }
72:                             } else {


An error occurred at line: [70] in the jsp file: [/regsuccess.jsp]
SQLException cannot be resolved to a type
67:                                     // Clean up resources
68:                                     if (rs != null) try { rs.close(); } catch (SQLException e) { /* ignore */ }
69:                                     if (pstmt != null) try { pstmt.close(); } catch (SQLException e) { /* ignore */ }
70:                                     if (conn != null) try { conn.close(); } catch (SQLException e) { /* ignore */ }
71:                                 }
72:                             } else {
73:                                 out.println("<p>Error: No user ID provided in the request.</p>");


Stacktrace:
		at org.apache.jasper.compiler.DefaultErrorHandler.javacError(DefaultErrorHandler.java:72)
		at org.apache.jasper.compiler.ErrorDispatcher.javacError(ErrorDispatcher.java:192)
		at org.apache.jasper.compiler.JDTCompiler.generateClass(JDTCompiler.java:542)
		at org.apache.jasper.compiler.Compiler.compile(Compiler.java:371)
		at org.apache.jasper.compiler.Compiler.compile(Compiler.java:343)
		at org.apache.jasper.compiler.Compiler.compile(Compiler.java:329)
		at org.apache.jasper.JspCompilationContext.compile(JspCompilationContext.java:603)
		at org.apache.jasper.servlet.JspServletWrapper.service(JspServletWrapper.java:399)
		at org.apache.jasper.servlet.JspServlet.serviceJspFile(JspServlet.java:376)
		at org.apache.jasper.servlet.JspServlet.service(JspServlet.java:324)
		at javax.servlet.http.HttpServlet.service(HttpServlet.java:623)
		at org.apache.catalina.core.ApplicationFilterChain.internalDoFilter(ApplicationFilterChain.java:199)
		at org.apache.catalina.core.ApplicationFilterChain.doFilter(ApplicationFilterChain.java:144)
		at org.apache.tomcat.websocket.server.WsFilter.doFilter(WsFilter.java:51)
		at org.apache.catalina.core.ApplicationFilterChain.internalDoFilter(ApplicationFilterChain.java:168)
		at org.apache.catalina.core.ApplicationFilterChain.doFilter(ApplicationFilterChain.java:144)
		at org.apache.catalina.core.StandardWrapperValve.invoke(StandardWrapperValve.java:168)
		at org.apache.catalina.core.StandardContextValve.invoke(StandardContextValve.java:90)
		at org.apache.catalina.authenticator.AuthenticatorBase.invoke(AuthenticatorBase.java:482)
		at org.apache.catalina.core.StandardHostValve.invoke(StandardHostValve.java:130)
		at org.apache.catalina.valves.ErrorReportValve.invoke(ErrorReportValve.java:93)
		at org.apache.catalina.valves.AbstractAccessLogValve.invoke(AbstractAccessLogValve.java:660)
		at org.apache.catalina.core.StandardEngineValve.invoke(StandardEngineValve.java:74)
		at org.apache.catalina.connector.CoyoteAdapter.service(CoyoteAdapter.java:346)
		at org.apache.coyote.http11.Http11Processor.service(Http11Processor.java:396)
		at org.apache.coyote.AbstractProcessorLight.process(AbstractProcessorLight.java:63)
		at org.apache.coyote.AbstractProtocol$ConnectionHandler.process(AbstractProtocol.java:937)
		at org.apache.tomcat.util.net.NioEndpoint$SocketProcessor.doRun(NioEndpoint.java:1793)
		at org.apache.tomcat.util.net.SocketProcessorBase.run(SocketProcessorBase.java:52)
		at org.apache.tomcat.util.threads.ThreadPoolExecutor.runWorker(ThreadPoolExecutor.java:1190)
		at org.apache.tomcat.util.threads.ThreadPoolExecutor$Worker.run(ThreadPoolExecutor.java:659)
		at org.apache.tomcat.util.threads.TaskThread$WrappingRunnable.run(TaskThread.java:63)
		at java.base/java.lang.Thread.run(Thread.java:1575)
13-Mar-2025 21:24:35.498 SEVERE [http-nio-8080-exec-1] org.apache.catalina.core.StandardWrapperValve.invoke Servlet.service() for servlet [jsp] in context with path [/ServletDemo] threw exception [Unable to compile class for JSP: 

An error occurred at line: [26] in the jsp file: [/regsuccess.jsp]
Connection cannot be resolved to a type
23:                     <%
24:                             String userId = request.getParameter("user_id");
25:                             if (userId != null && !userId.trim().isEmpty()) {
26:                                 Connection conn = null;
27:                                 PreparedStatement pstmt = null;
28:                                 ResultSet rs = null;
29:                                 try {


An error occurred at line: [27] in the jsp file: [/regsuccess.jsp]
PreparedStatement cannot be resolved to a type
24:                             String userId = request.getParameter("user_id");
25:                             if (userId != null && !userId.trim().isEmpty()) {
26:                                 Connection conn = null;
27:                                 PreparedStatement pstmt = null;
28:                                 ResultSet rs = null;
29:                                 try {
30:                                     // Database connection details


An error occurred at line: [28] in the jsp file: [/regsuccess.jsp]
ResultSet cannot be resolved to a type
25:                             if (userId != null && !userId.trim().isEmpty()) {
26:                                 Connection conn = null;
27:                                 PreparedStatement pstmt = null;
28:                                 ResultSet rs = null;
29:                                 try {
30:                                     // Database connection details
31:                                     Class.forName("com.mysql.cj.jdbc.Driver");


An error occurred at line: [35] in the jsp file: [/regsuccess.jsp]
DriverManager cannot be resolved
32:                                     String url = "jdbc:mysql://localhost:3306/xyz_solutions";
33:                                     String dbUsername = "root";
34:                                     String dbPassword = "";
35:                                     conn = DriverManager.getConnection(url, dbUsername, dbPassword);
36: 
37:                                     // SQL query to fetch user details
38:                                     String sql = "SELECT f_name, l_name, email, phone_no FROM user WHERE user_id = ?";


An error occurred at line: [64] in the jsp file: [/regsuccess.jsp]
SQLException cannot be resolved to a type
61:                                     }
62:                                 } catch (NumberFormatException e) {
63:                                     out.println("<p>Error: Invalid user ID format.</p>");
64:                                 } catch (ClassNotFoundException | SQLException e) {
65:                                     out.println("<p>Error retrieving details: " + e.getMessage() + "</p>");
66:                                 } finally {
67:                                     // Clean up resources


An error occurred at line: [68] in the jsp file: [/regsuccess.jsp]
SQLException cannot be resolved to a type
65:                                     out.println("<p>Error retrieving details: " + e.getMessage() + "</p>");
66:                                 } finally {
67:                                     // Clean up resources
68:                                     if (rs != null) try { rs.close(); } catch (SQLException e) { /* ignore */ }
69:                                     if (pstmt != null) try { pstmt.close(); } catch (SQLException e) { /* ignore */ }
70:                                     if (conn != null) try { conn.close(); } catch (SQLException e) { /* ignore */ }
71:                                 }


An error occurred at line: [69] in the jsp file: [/regsuccess.jsp]
SQLException cannot be resolved to a type
66:                                 } finally {
67:                                     // Clean up resources
68:                                     if (rs != null) try { rs.close(); } catch (SQLException e) { /* ignore */ }
69:                                     if (pstmt != null) try { pstmt.close(); } catch (SQLException e) { /* ignore */ }
70:                                     if (conn != null) try { conn.close(); } catch (SQLException e) { /* ignore */ }
71:                                 }
72:                             } else {


An error occurred at line: [70] in the jsp file: [/regsuccess.jsp]
SQLException cannot be resolved to a type
67:                                     // Clean up resources
68:                                     if (rs != null) try { rs.close(); } catch (SQLException e) { /* ignore */ }
69:                                     if (pstmt != null) try { pstmt.close(); } catch (SQLException e) { /* ignore */ }
70:                                     if (conn != null) try { conn.close(); } catch (SQLException e) { /* ignore */ }
71:                                 }
72:                             } else {
73:                                 out.println("<p>Error: No user ID provided in the request.</p>");


Stacktrace:] with root cause
	org.apache.jasper.JasperException: Unable to compile class for JSP: 

An error occurred at line: [26] in the jsp file: [/regsuccess.jsp]
Connection cannot be resolved to a type
23:                     <%
24:                             String userId = request.getParameter("user_id");
25:                             if (userId != null && !userId.trim().isEmpty()) {
26:                                 Connection conn = null;
27:                                 PreparedStatement pstmt = null;
28:                                 ResultSet rs = null;
29:                                 try {


An error occurred at line: [27] in the jsp file: [/regsuccess.jsp]
PreparedStatement cannot be resolved to a type
24:                             String userId = request.getParameter("user_id");
25:                             if (userId != null && !userId.trim().isEmpty()) {
26:                                 Connection conn = null;
27:                                 PreparedStatement pstmt = null;
28:                                 ResultSet rs = null;
29:                                 try {
30:                                     // Database connection details


An error occurred at line: [28] in the jsp file: [/regsuccess.jsp]
ResultSet cannot be resolved to a type
25:                             if (userId != null && !userId.trim().isEmpty()) {
26:                                 Connection conn = null;
27:                                 PreparedStatement pstmt = null;
28:                                 ResultSet rs = null;
29:                                 try {
30:                                     // Database connection details
31:                                     Class.forName("com.mysql.cj.jdbc.Driver");


An error occurred at line: [35] in the jsp file: [/regsuccess.jsp]
DriverManager cannot be resolved
32:                                     String url = "jdbc:mysql://localhost:3306/xyz_solutions";
33:                                     String dbUsername = "root";
34:                                     String dbPassword = "";
35:                                     conn = DriverManager.getConnection(url, dbUsername, dbPassword);
36: 
37:                                     // SQL query to fetch user details
38:                                     String sql = "SELECT f_name, l_name, email, phone_no FROM user WHERE user_id = ?";


An error occurred at line: [64] in the jsp file: [/regsuccess.jsp]
SQLException cannot be resolved to a type
61:                                     }
62:                                 } catch (NumberFormatException e) {
63:                                     out.println("<p>Error: Invalid user ID format.</p>");
64:                                 } catch (ClassNotFoundException | SQLException e) {
65:                                     out.println("<p>Error retrieving details: " + e.getMessage() + "</p>");
66:                                 } finally {
67:                                     // Clean up resources


An error occurred at line: [68] in the jsp file: [/regsuccess.jsp]
SQLException cannot be resolved to a type
65:                                     out.println("<p>Error retrieving details: " + e.getMessage() + "</p>");
66:                                 } finally {
67:                                     // Clean up resources
68:                                     if (rs != null) try { rs.close(); } catch (SQLException e) { /* ignore */ }
69:                                     if (pstmt != null) try { pstmt.close(); } catch (SQLException e) { /* ignore */ }
70:                                     if (conn != null) try { conn.close(); } catch (SQLException e) { /* ignore */ }
71:                                 }


An error occurred at line: [69] in the jsp file: [/regsuccess.jsp]
SQLException cannot be resolved to a type
66:                                 } finally {
67:                                     // Clean up resources
68:                                     if (rs != null) try { rs.close(); } catch (SQLException e) { /* ignore */ }
69:                                     if (pstmt != null) try { pstmt.close(); } catch (SQLException e) { /* ignore */ }
70:                                     if (conn != null) try { conn.close(); } catch (SQLException e) { /* ignore */ }
71:                                 }
72:                             } else {


An error occurred at line: [70] in the jsp file: [/regsuccess.jsp]
SQLException cannot be resolved to a type
67:                                     // Clean up resources
68:                                     if (rs != null) try { rs.close(); } catch (SQLException e) { /* ignore */ }
69:                                     if (pstmt != null) try { pstmt.close(); } catch (SQLException e) { /* ignore */ }
70:                                     if (conn != null) try { conn.close(); } catch (SQLException e) { /* ignore */ }
71:                                 }
72:                             } else {
73:                                 out.println("<p>Error: No user ID provided in the request.</p>");


Stacktrace:
		at org.apache.jasper.compiler.DefaultErrorHandler.javacError(DefaultErrorHandler.java:72)
		at org.apache.jasper.compiler.ErrorDispatcher.javacError(ErrorDispatcher.java:192)
		at org.apache.jasper.compiler.JDTCompiler.generateClass(JDTCompiler.java:542)
		at org.apache.jasper.compiler.Compiler.compile(Compiler.java:371)
		at org.apache.jasper.compiler.Compiler.compile(Compiler.java:343)
		at org.apache.jasper.compiler.Compiler.compile(Compiler.java:329)
		at org.apache.jasper.JspCompilationContext.compile(JspCompilationContext.java:603)
		at org.apache.jasper.servlet.JspServletWrapper.service(JspServletWrapper.java:399)
		at org.apache.jasper.servlet.JspServlet.serviceJspFile(JspServlet.java:376)
		at org.apache.jasper.servlet.JspServlet.service(JspServlet.java:324)
		at javax.servlet.http.HttpServlet.service(HttpServlet.java:623)
		at org.apache.catalina.core.ApplicationFilterChain.internalDoFilter(ApplicationFilterChain.java:199)
		at org.apache.catalina.core.ApplicationFilterChain.doFilter(ApplicationFilterChain.java:144)
		at org.apache.tomcat.websocket.server.WsFilter.doFilter(WsFilter.java:51)
		at org.apache.catalina.core.ApplicationFilterChain.internalDoFilter(ApplicationFilterChain.java:168)
		at org.apache.catalina.core.ApplicationFilterChain.doFilter(ApplicationFilterChain.java:144)
		at org.apache.catalina.core.StandardWrapperValve.invoke(StandardWrapperValve.java:168)
		at org.apache.catalina.core.StandardContextValve.invoke(StandardContextValve.java:90)
		at org.apache.catalina.authenticator.AuthenticatorBase.invoke(AuthenticatorBase.java:482)
		at org.apache.catalina.core.StandardHostValve.invoke(StandardHostValve.java:130)
		at org.apache.catalina.valves.ErrorReportValve.invoke(ErrorReportValve.java:93)
		at org.apache.catalina.valves.AbstractAccessLogValve.invoke(AbstractAccessLogValve.java:660)
		at org.apache.catalina.core.StandardEngineValve.invoke(StandardEngineValve.java:74)
		at org.apache.catalina.connector.CoyoteAdapter.service(CoyoteAdapter.java:346)
		at org.apache.coyote.http11.Http11Processor.service(Http11Processor.java:396)
		at org.apache.coyote.AbstractProcessorLight.process(AbstractProcessorLight.java:63)
		at org.apache.coyote.AbstractProtocol$ConnectionHandler.process(AbstractProtocol.java:937)
		at org.apache.tomcat.util.net.NioEndpoint$SocketProcessor.doRun(NioEndpoint.java:1793)
		at org.apache.tomcat.util.net.SocketProcessorBase.run(SocketProcessorBase.java:52)
		at org.apache.tomcat.util.threads.ThreadPoolExecutor.runWorker(ThreadPoolExecutor.java:1190)
		at org.apache.tomcat.util.threads.ThreadPoolExecutor$Worker.run(ThreadPoolExecutor.java:659)
		at org.apache.tomcat.util.threads.TaskThread$WrappingRunnable.run(TaskThread.java:63)
		at java.base/java.lang.Thread.run(Thread.java:1575)
